生成启动时间为 2014/11/23 18:34:28。
     1>项目“D:\MyProgramAndDocument\OpenMP\for\for\for.vcxproj”在节点 2 上(build 个目标)。
     1>InitializeBuildStatus:
         正在创建“Debug\for.unsuccessfulbuild”，因为已指定“AlwaysCreate”。
       ClCompile:
         所有输出均为最新。
         D:\Program\Vs2010\VC\bin\CL.exe /c /ZI /nologo /W3 /WX- /Od /Oy- /D WIN32 /D _DEBUG /D _CONSOLE /D _UNICODE /D UNICODE /Gm /EHsc /RTC1 /MDd /GS /fp:precise /Zc:wchar_t /Zc:forScope /openmp /Yc"StdAfx.h" /Fp"Debug\for.pch" /Fo"Debug\\" /Fd"Debug\vc100.pdb" /Gd /TP /analyze- /errorReport:prompt stdafx.cpp
         stdafx.cpp
         D:\Program\Vs2010\VC\bin\CL.exe /c /ZI /nologo /W3 /WX- /Od /Oy- /D WIN32 /D _DEBUG /D _CONSOLE /D _UNICODE /D UNICODE /Gm /EHsc /RTC1 /MDd /GS /fp:precise /Zc:wchar_t /Zc:forScope /openmp /Yu"StdAfx.h" /Fp"Debug\for.pch" /Fo"Debug\\" /Fd"Debug\vc100.pdb" /Gd /TP /analyze- /errorReport:prompt for.cpp
         for.cpp
       ManifestResourceCompile:
         所有输出均为最新。
       Link:
         D:\Program\Vs2010\VC\bin\link.exe /ERRORREPORT:PROMPT /OUT:"D:\MyProgramAndDocument\OpenMP\for\Debug\for.exe" /INCREMENTAL /NOLOGO kernel32.lib user32.lib gdi32.lib winspool.lib comdlg32.lib advapi32.lib shell32.lib ole32.lib oleaut32.lib uuid.lib odbc32.lib odbccp32.lib /MANIFEST /ManifestFile:"Debug\for.exe.intermediate.manifest" /MANIFESTUAC:"level='asInvoker' uiAccess='false'" /DEBUG /PDB:"D:\MyProgramAndDocument\OpenMP\for\Debug\for.pdb" /SUBSYSTEM:CONSOLE /TLBID:1 /DYNAMICBASE /NXCOMPAT /IMPLIB:"D:\MyProgramAndDocument\OpenMP\for\Debug\for.lib" /MACHINE:X86 Debug\for.exe.embed.manifest.res
         Debug\for.obj
         Debug\stdafx.obj
       Manifest:
         C:\Program Files\Microsoft SDKs\Windows\v7.0A\bin\mt.exe /nologo /verbose /out:"Debug\for.exe.embed.manifest" /manifest Debug\for.exe.intermediate.manifest
         所有输出均为最新。
       LinkEmbedManifest:
         所有输出均为最新。
         for.vcxproj -> D:\MyProgramAndDocument\OpenMP\for\Debug\for.exe
       FinalizeBuildStatus:
         正在删除文件“Debug\for.unsuccessfulbuild”。
         正在对“Debug\for.lastbuildstate”执行 Touch 任务。
     1>已完成生成项目“D:\MyProgramAndDocument\OpenMP\for\for\for.vcxproj”(build 个目标)的操作。

生成成功。

已用时间 00:00:01.75
