D:\MYPROGRAMANDDOCUMENT\OPENMP\FOR\DEBUG\TBB.EXE
D:\MYPROGRAMANDDOCUMENT\OPENMP\FOR\DEBUG\TBB.ILK
D:\MYPROGRAMANDDOCUMENT\OPENMP\FOR\DEBUG\TBB.PDB
D:\MyProgramAndDocument\OpenMP\tbb\Debug\cl.command.1.tlog
D:\MyProgramAndDocument\OpenMP\tbb\Debug\CL.read.1.tlog
D:\MyProgramAndDocument\OpenMP\tbb\Debug\CL.write.1.tlog
D:\MyProgramAndDocument\OpenMP\tbb\Debug\link.9444.read.1.tlog
D:\MyProgramAndDocument\OpenMP\tbb\Debug\link.9444.write.1.tlog
D:\MyProgramAndDocument\OpenMP\tbb\Debug\link.9444-cvtres.read.1.tlog
D:\MyProgramAndDocument\OpenMP\tbb\Debug\link.9444-cvtres.write.1.tlog
D:\MyProgramAndDocument\OpenMP\tbb\Debug\link.command.1.tlog
D:\MyProgramAndDocument\OpenMP\tbb\Debug\link.read.1.tlog
D:\MyProgramAndDocument\OpenMP\tbb\Debug\link.write.1.tlog
D:\MyProgramAndDocument\OpenMP\tbb\Debug\link-cvtres.read.1.tlog
D:\MyProgramAndDocument\OpenMP\tbb\Debug\link-cvtres.write.1.tlog
D:\MyProgramAndDocument\OpenMP\tbb\Debug\mt.command.1.tlog
D:\MyProgramAndDocument\OpenMP\tbb\Debug\mt.read.1.tlog
D:\MyProgramAndDocument\OpenMP\tbb\Debug\mt.write.1.tlog
D:\MyProgramAndDocument\OpenMP\tbb\Debug\rc.command.1.tlog
D:\MyProgramAndDocument\OpenMP\tbb\Debug\rc.read.1.tlog
D:\MyProgramAndDocument\OpenMP\tbb\Debug\rc.write.1.tlog
D:\MYPROGRAMANDDOCUMENT\OPENMP\TBB\DEBUG\STDAFX.OBJ
D:\MYPROGRAMANDDOCUMENT\OPENMP\TBB\DEBUG\TBB.EXE.EMBED.MANIFEST
D:\MYPROGRAMANDDOCUMENT\OPENMP\TBB\DEBUG\TBB.EXE.EMBED.MANIFEST.RES
D:\MYPROGRAMANDDOCUMENT\OPENMP\TBB\DEBUG\TBB.EXE.INTERMEDIATE.MANIFEST
D:\MYPROGRAMANDDOCUMENT\OPENMP\TBB\DEBUG\TBB.OBJ
D:\MYPROGRAMANDDOCUMENT\OPENMP\TBB\DEBUG\TBB.PCH
D:\MyProgramAndDocument\OpenMP\tbb\Debug\tbb_manifest.rc
D:\MyProgramAndDocument\OpenMP\tbb\Debug\vc100.idb
D:\MYPROGRAMANDDOCUMENT\OPENMP\TBB\DEBUG\VC100.PDB
